2025-08-28 10:56:08 / Interstellar
2025-08-28 10:58:14 / Hotel Rwanda
2025-08-28 10:58:23 / James Bond
2025-08-28 10:58:41 / One piece
2025-08-28 11:07:00 / One piece
2025-08-28 11:07:05 / One piece
2025-08-28 11:10:05 / One piece
2025-08-28 11:11:53 / One piece
2025-08-28 11:11:57 / One piece
2025-08-28 11:12:54 / One piece
2025-08-28 11:13:54 / One piece
2025-08-28 11:14:17 / One piece
2025-08-28 11:14:29 / One piece
2025-08-28 11:14:38 / One piece
2025-08-28 11:14:49 / James Bond
2025-08-28 11:20:55 / James Bond
2025-08-28 11:21:02 / One piece
2025-08-28 13:04:38 / One piece
2025-08-28 13:41:50 / One piece
2025-08-28 13:42:50 / One piece
2025-08-28 13:48:02 / One piece
2025-08-28 13:48:35 / One piece
2025-08-28 13:48:53 / One piece
2025-08-28 13:49:05 / One piece
2025-08-28 13:49:22 / One piece
2025-08-28 13:50:35 / The gods must be crazy
2025-08-28 13:52:03 / The gods must be crazy
2025-08-28 13:52:46 / Hotel Rwanda
2025-08-28 13:52:52 / Hotel Rwanda
2025-08-28 13:52:59 / James bond
2025-08-28 13:53:09 / Hotel Rwanda
2025-08-28 13:53:50 / Hotel Rwanda
2025-08-28 14:07:29 / One piece
2025-08-28 14:08:12 / One piece
2025-08-28 14:08:52 / James Bond
2025-08-28 14:08:57 / James Bond
2025-08-28 14:09:08 / One piece
2025-08-28 14:16:26 / One piece
2025-08-28 14:16:30 / One piece
2025-08-28 14:16:33 / One piece
2025-08-28 14:16:36 / One piece
2025-08-28 14:16:48 / One piece
